<?xml version="1.0" encoding="UTF-8"?>
<!-- Generated by org.testng.reporters.JUnitReportReporter -->
<testsuite hostname="Apples-MacBook-Pro.local" failures="0" tests="2" name="testTasks.TestCases" time="3.175" errors="0" timestamp="3 Nov 2018 16:56:58 GMT">
  <testcase classname="testTasks.TestCases" name="createTask" time="1.434"/>
  <testcase classname="testTasks.TestCases" name="validateloginPage" time="1.741"/>
</testsuite> <!-- testTasks.TestCases -->
